<?xml version="1.0" encoding="UTF-8"?>
<!-- Generated by org.testng.reporters.JUnitReportReporter -->
<testsuite skipped="0" hostname="Yakesh" name="com.examples.api.TestCategory" tests="1" failures="0" timestamp="27 Mar 2023 15:34:17 GMT" time="11.709" errors="0">
  <testcase name="getGeoLocationForFoodCategory" time="11.709" classname="com.examples.api.TestCategory"/>
</testsuite> <!-- com.examples.api.TestCategory -->
