<?xml version="1.0" encoding="UTF-8"?>
<!-- Generated by org.testng.reporters.JUnitReportReporter -->
<testsuite skipped="0" hostname="Yakesh" name="com.examples.api.TestCategory" tests="3" failures="0" timestamp="29 Mar 2023 18:12:46 GMT" time="44.123" errors="0">
  <testcase name="verifyGetMethod" time="8.183" classname="com.examples.api.TestCategory"/>
  <testcase name="getCount" time="18.506" classname="com.examples.api.TestCategory"/>
  <testcase name="getGeoLocationForFoodCategory" time="17.434" classname="com.examples.api.TestCategory"/>
</testsuite> <!-- com.examples.api.TestCategory -->
